oct. 19, 2014 8:19:42 PM org.apache.catalina.core.AprLifecycleListener init
INFOS: The APR based Apache Tomcat Native library which allows optimal performance in production environments was not found on the java.library.path: C:\Program Files\Java\jdk1.8.0\jre\bin;C:\Windows\Sun\Java\bin;C:\Windows\system32;C:\Windows;C:\ProgramData\Oracle\Java\javapath;C:\Windows\system32;C:\Windows;C:\Windows\System32\Wbem;C:\Windows\System32\WindowsPowerShell\v1.0\;C:\Program Files (x86)\Git\cmd;C:\Program Files (x86)\Windows Kits\8.1\Windows Performance Toolkit\;C:\Program Files\Microsoft SQL Server\110\Tools\Binn\;C:\Program Files\Java\jre8\bin;C:\Program Files\Java\jdk1.8.0\bin;C:\Program Files (x86)\Microsoft SQL Server\110\Tools\Binn\;C:\Program Files\Microsoft SQL Server\110\DTS\Binn\;C:\Program Files (x86)\Microsoft SQL Server\110\Tools\Binn\ManagementStudio\;C:\Program Files (x86)\Microsoft SQL Server\110\DTS\Binn\;C:\Program Files (x86)\Microsoft SDKs\TypeScript\1.0\;D:\APPS\apache-maven-3.2.3\bin;c:\program files (x86)\Modeltech_pe_edu_10.3\win32pe_edu;.
oct. 19, 2014 8:19:42 PM org.apache.coyote.AbstractProtocol init
INFOS: Initializing ProtocolHandler ["http-bio-8080"]
oct. 19, 2014 8:19:42 PM org.apache.coyote.AbstractProtocol init
INFOS: Initializing ProtocolHandler ["ajp-bio-8009"]
oct. 19, 2014 8:19:43 PM org.apache.openejb.util.OptionsLog info
INFOS: Using 'tomee.remote.support=true'
oct. 19, 2014 8:19:43 PM org.apache.openejb.util.OptionsLog info
INFOS: Using 'openejb.jdbc.datasource-creator=org.apache.tomee.jdbc.TomEEDataSourceCreator'
oct. 19, 2014 8:19:43 PM org.apache.openejb.OpenEJB$Instance <init>
INFOS: ********************************************************************************
oct. 19, 2014 8:19:43 PM org.apache.openejb.OpenEJB$Instance <init>
INFOS: OpenEJB http://openejb.apache.org/
oct. 19, 2014 8:19:43 PM org.apache.openejb.OpenEJB$Instance <init>
INFOS: Startup: Sun Oct 19 20:19:43 CEST 2014
oct. 19, 2014 8:19:43 PM org.apache.openejb.OpenEJB$Instance <init>
INFOS: Copyright 1999-2013 (C) Apache OpenEJB Project, All Rights Reserved.
oct. 19, 2014 8:19:43 PM org.apache.openejb.OpenEJB$Instance <init>
INFOS: Version: 4.7.1
oct. 19, 2014 8:19:43 PM org.apache.openejb.OpenEJB$Instance <init>
INFOS: Build date: 20140912
oct. 19, 2014 8:19:43 PM org.apache.openejb.OpenEJB$Instance <init>
INFOS: Build time: 01:43
oct. 19, 2014 8:19:43 PM org.apache.openejb.OpenEJB$Instance <init>
INFOS: ********************************************************************************
oct. 19, 2014 8:19:43 PM org.apache.openejb.OpenEJB$Instance <init>
INFOS: openejb.home = D:\Workspaces\github\SOA\webservices\target\apache-tomee
oct. 19, 2014 8:19:43 PM org.apache.openejb.OpenEJB$Instance <init>
INFOS: openejb.base = D:\Workspaces\github\SOA\webservices\target\apache-tomee
oct. 19, 2014 8:19:43 PM org.apache.openejb.cdi.CdiBuilder initializeOWB
INFOS: Created new singletonService org.apache.openejb.cdi.ThreadSingletonServiceImpl@69b794e2
oct. 19, 2014 8:19:43 PM org.apache.openejb.cdi.CdiBuilder initializeOWB
INFOS: Succeeded in installing singleton service
oct. 19, 2014 8:19:43 PM org.apache.openejb.config.ConfigurationFactory init
INFOS: openejb configuration file is 'D:\Workspaces\github\SOA\webservices\target\apache-tomee\conf\tomee.xml'
oct. 19, 2014 8:19:43 PM org.apache.openejb.config.ConfigurationFactory configureService
INFOS: Configuring Service(id=Tomcat Security Service, type=SecurityService, provider-id=Tomcat Security Service)
oct. 19, 2014 8:19:43 PM org.apache.openejb.config.ConfigurationFactory configureService
INFOS: Configuring Service(id=Default Transaction Manager, type=TransactionManager, provider-id=Default Transaction Manager)
oct. 19, 2014 8:19:43 PM org.apache.openejb.util.OptionsLog info
INFOS: Using 'openejb.system.apps=false'
oct. 19, 2014 8:19:43 PM org.apache.openejb.util.OptionsLog info
INFOS: Using 'openejb.deployments.classpath=false'
oct. 19, 2014 8:19:43 PM org.apache.openejb.assembler.classic.Assembler createRecipe
INFOS: Creating TransactionManager(id=Default Transaction Manager)
oct. 19, 2014 8:19:44 PM org.apache.openejb.assembler.classic.Assembler createRecipe
INFOS: Creating SecurityService(id=Tomcat Security Service)
oct. 19, 2014 8:19:44 PM org.apache.openejb.server.ServiceManager initServer
INFOS: Creating ServerService(id=cxf)
oct. 19, 2014 8:19:44 PM org.apache.openejb.server.ServiceManager initServer
INFOS: Creating ServerService(id=cxf-rs)
oct. 19, 2014 8:19:44 PM org.apache.openejb.server.SimpleServiceManager start
INFOS:   ** Bound Services **
oct. 19, 2014 8:19:44 PM org.apache.openejb.server.SimpleServiceManager printRow
INFOS:   NAME                 IP              PORT  
oct. 19, 2014 8:19:44 PM org.apache.openejb.server.SimpleServiceManager start
INFOS: -------
oct. 19, 2014 8:19:44 PM org.apache.openejb.server.SimpleServiceManager start
INFOS: Ready!
oct. 19, 2014 8:19:44 PM org.apache.catalina.startup.Catalina load
INFOS: Initialization processed in 2339 ms
oct. 19, 2014 8:19:44 PM org.apache.tomee.catalina.OpenEJBNamingContextListener bindResource
INFOS: Importing a Tomcat Resource with id 'UserDatabase' of type 'org.apache.catalina.UserDatabase'.
oct. 19, 2014 8:19:44 PM org.apache.openejb.assembler.classic.Assembler createRecipe
INFOS: Creating Resource(id=UserDatabase)
oct. 19, 2014 8:19:44 PM org.apache.catalina.core.StandardService startInternal
INFOS: Démarrage du service Catalina
oct. 19, 2014 8:19:44 PM org.apache.catalina.core.StandardEngine startInternal
INFOS: Starting Servlet Engine: Apache Tomcat (TomEE)/7.0.55 (1.7.1)
oct. 19, 2014 8:19:44 PM org.apache.catalina.startup.HostConfig deployWAR
INFOS: Déploiement de l'archive D:\Workspaces\github\SOA\webservices\target\apache-tomee\webapps\ROOT.war de l'application web
oct. 19, 2014 8:19:44 PM org.apache.tomee.catalina.TomcatWebAppBuilder init
INFOS: ------------------------- localhost -> /
oct. 19, 2014 8:19:44 PM org.apache.openejb.util.JarExtractor extract
INFOS: Extracting jar: D:\Workspaces\github\SOA\webservices\target\apache-tomee\webapps\ROOT.war
oct. 19, 2014 8:19:44 PM org.apache.openejb.util.JarExtractor extract
INFOS: Extracted path: D:\Workspaces\github\SOA\webservices\target\apache-tomee\webapps\ROOT
oct. 19, 2014 8:19:44 PM org.apache.openejb.util.OptionsLog info
INFOS: Using 'openejb.session.manager=org.apache.tomee.catalina.session.QuickSessionManager'
oct. 19, 2014 8:19:44 PM org.apache.openejb.config.ConfigurationFactory configureApplication
INFOS: Configuring enterprise application: D:\Workspaces\github\SOA\webservices\target\apache-tomee\webapps\ROOT
oct. 19, 2014 8:19:45 PM org.apache.openejb.config.InitEjbDeployments deploy
INFOS: Auto-deploying ejb Customer-DAO-Mock: EjbDeployment(deployment-id=Customer-DAO-Mock)
oct. 19, 2014 8:19:45 PM org.apache.openejb.config.InitEjbDeployments deploy
INFOS: Auto-deploying ejb Response-Builder: EjbDeployment(deployment-id=Response-Builder)
oct. 19, 2014 8:19:45 PM org.apache.openejb.config.ConfigurationFactory configureService
INFOS: Configuring Service(id=Default Singleton Container, type=Container, provider-id=Default Singleton Container)
oct. 19, 2014 8:19:45 PM org.apache.openejb.config.AutoConfig createContainer
INFOS: Auto-creating a container for bean Customer-DAO-Mock: Container(type=SINGLETON, id=Default Singleton Container)
oct. 19, 2014 8:19:45 PM org.apache.openejb.assembler.classic.Assembler createRecipe
INFOS: Creating Container(id=Default Singleton Container)
oct. 19, 2014 8:19:45 PM org.apache.openejb.config.AppInfoBuilder build
INFOS: Enterprise application "D:\Workspaces\github\SOA\webservices\target\apache-tomee\webapps\ROOT" loaded.
oct. 19, 2014 8:19:45 PM org.apache.openejb.assembler.classic.Assembler createApplication
INFOS: Assembling app: D:\Workspaces\github\SOA\webservices\target\apache-tomee\webapps\ROOT
oct. 19, 2014 8:19:45 PM org.apache.openejb.assembler.classic.JndiBuilder bind
INFOS: Jndi(name=Customer-DAO-MockLocalBean) --> Ejb(deployment-id=Customer-DAO-Mock)
oct. 19, 2014 8:19:45 PM org.apache.openejb.assembler.classic.JndiBuilder bind
INFOS: Jndi(name=global//Customer-DAO-Mock!fr.unice.polytech.soa1.TeamForce.Vivant.dao.CustomerDAO) --> Ejb(deployment-id=Customer-DAO-Mock)
oct. 19, 2014 8:19:45 PM org.apache.openejb.assembler.classic.JndiBuilder bind
INFOS: Jndi(name=global//Customer-DAO-Mock) --> Ejb(deployment-id=Customer-DAO-Mock)
oct. 19, 2014 8:19:45 PM org.apache.openejb.assembler.classic.JndiBuilder bind
INFOS: Jndi(name=Response-BuilderLocalBean) --> Ejb(deployment-id=Response-Builder)
oct. 19, 2014 8:19:45 PM org.apache.openejb.assembler.classic.JndiBuilder bind
INFOS: Jndi(name=global//Response-Builder!fr.unice.polytech.soa1.TeamForce.Vivant.ResponseBuilder) --> Ejb(deployment-id=Response-Builder)
oct. 19, 2014 8:19:45 PM org.apache.openejb.assembler.classic.JndiBuilder bind
INFOS: Jndi(name=global//Response-Builder) --> Ejb(deployment-id=Response-Builder)
oct. 19, 2014 8:19:45 PM org.apache.openejb.cdi.CdiBuilder initSingleton
INFOS: Existing thread singleton service in SystemInstance(): org.apache.openejb.cdi.ThreadSingletonServiceImpl@69b794e2
oct. 19, 2014 8:19:45 PM org.apache.openejb.cdi.OpenEJBLifecycle startApplication
INFOS: OpenWebBeans Container is starting...
oct. 19, 2014 8:19:45 PM org.apache.webbeans.plugins.PluginLoader startUp
INFOS: Adding OpenWebBeansPlugin : [CdiPlugin]
oct. 19, 2014 8:19:45 PM org.apache.webbeans.plugins.PluginLoader startUp
INFOS: Adding OpenWebBeansPlugin : [OpenWebBeansJsfPlugin]
oct. 19, 2014 8:19:45 PM org.apache.webbeans.config.BeansDeployer validateInjectionPoints
INFOS: All injection points were validated successfully.
oct. 19, 2014 8:19:45 PM org.apache.openejb.cdi.OpenEJBLifecycle startApplication
INFOS: OpenWebBeans Container has started, it took 144 ms.
oct. 19, 2014 8:19:45 PM org.apache.openejb.assembler.classic.Assembler startEjbs
INFOS: Created Ejb(deployment-id=Response-Builder, ejb-name=Response-Builder, container=Default Singleton Container)
oct. 19, 2014 8:19:45 PM org.apache.openejb.assembler.classic.Assembler startEjbs
INFOS: Created Ejb(deployment-id=Customer-DAO-Mock, ejb-name=Customer-DAO-Mock, container=Default Singleton Container)
oct. 19, 2014 8:19:45 PM org.apache.openejb.assembler.classic.Assembler startEjbs
INFOS: Started Ejb(deployment-id=Response-Builder, ejb-name=Response-Builder, container=Default Singleton Container)
oct. 19, 2014 8:19:45 PM org.apache.openejb.assembler.classic.Assembler startEjbs
INFOS: Started Ejb(deployment-id=Customer-DAO-Mock, ejb-name=Customer-DAO-Mock, container=Default Singleton Container)
oct. 19, 2014 8:19:45 PM org.apache.openejb.assembler.classic.Assembler createApplication
INFOS: Deployed Application(path=D:\Workspaces\github\SOA\webservices\target\apache-tomee\webapps\ROOT)
oct. 19, 2014 8:19:46 PM org.apache.openejb.server.cxf.rs.CxfRsHttpListener configureFactory
INFOS: Using providers:
oct. 19, 2014 8:19:46 PM org.apache.openejb.server.cxf.rs.CxfRsHttpListener configureFactory
INFOS:      org.apache.cxf.jaxrs.provider.JAXBElementProvider@66721cb3
oct. 19, 2014 8:19:46 PM org.apache.openejb.server.cxf.rs.CxfRsHttpListener configureFactory
INFOS:      org.apache.openejb.server.cxf.rs.EJBAccessExceptionMapper@4192e1ec
oct. 19, 2014 8:19:46 PM org.apache.openejb.server.cxf.rs.CxfRsHttpListener logEndpoints
INFOS: REST Application: http://localhost:8080/                     -> org.apache.openejb.server.rest.InternalApplication
oct. 19, 2014 8:19:46 PM org.apache.openejb.server.cxf.rs.CxfRsHttpListener logEndpoints
INFOS:      Service URI: http://localhost:8080/vivant/catalogs      -> Pojo fr.unice.polytech.soa1.TeamForce.Vivant.rest.CatalogsImpl
oct. 19, 2014 8:19:46 PM org.apache.openejb.server.cxf.rs.CxfRsHttpListener logEndpoints
INFOS:               GET http://localhost:8080/vivant/catalogs/     ->      Response getAllCatalogs(String)
oct. 19, 2014 8:19:46 PM org.apache.openejb.server.cxf.rs.CxfRsHttpListener logEndpoints
INFOS:               GET http://localhost:8080/vivant/catalogs/{id} ->      Response getCatalog(String)    
oct. 19, 2014 8:19:46 PM org.apache.catalina.startup.HostConfig deployWAR
INFOS: Deployment of web application archive D:\Workspaces\github\SOA\webservices\target\apache-tomee\webapps\ROOT.war has finished in 1 995 ms
oct. 19, 2014 8:19:46 PM org.apache.coyote.AbstractProtocol start
INFOS: Starting ProtocolHandler ["http-bio-8080"]
oct. 19, 2014 8:19:46 PM org.apache.coyote.AbstractProtocol start
INFOS: Starting ProtocolHandler ["ajp-bio-8009"]
oct. 19, 2014 8:19:46 PM org.apache.catalina.startup.Catalina start
INFOS: Server startup in 2187 ms
oct. 19, 2014 8:19:49 PM org.apache.cxf.jaxrs.utils.JAXRSUtils findTargetMethod
AVERTISSEMENT: No operation matching request path "/vivant/catalogs/SUMMER15" is found, Relative Path: /SUMMER15, HTTP Method: GET, ContentType: text/plain;charset=utf-8, Accept: */*,. Please enable FINE/TRACE log level for more details.
oct. 19, 2014 8:19:49 PM org.apache.cxf.jaxrs.impl.WebApplicationExceptionMapper toResponse
AVERTISSEMENT: javax.ws.rs.WebApplicationException
	at org.apache.cxf.jaxrs.utils.JAXRSUtils.findTargetMethod(JAXRSUtils.java:415)
	at org.apache.cxf.jaxrs.interceptor.JAXRSInInterceptor.processRequest(JAXRSInInterceptor.java:216)
	at org.apache.cxf.jaxrs.interceptor.JAXRSInInterceptor.handleMessage(JAXRSInInterceptor.java:91)
	at org.apache.cxf.phase.PhaseInterceptorChain.doIntercept(PhaseInterceptorChain.java:263)
	at org.apache.cxf.transport.ChainInitiationObserver.onMessage(ChainInitiationObserver.java:121)
	at org.apache.cxf.transport.http.AbstractHTTPDestination.invoke(AbstractHTTPDestination.java:240)
	at org.apache.openejb.server.cxf.rs.CxfRsHttpListener.onMessage(CxfRsHttpListener.java:187)
	at org.apache.openejb.server.rest.RsServlet.service(RsServlet.java:53)
	at javax.servlet.http.HttpServlet.service(HttpServlet.java:727)
	at org.apache.catalina.core.ApplicationFilterChain.internalDoFilter(ApplicationFilterChain.java:303)
	at org.apache.catalina.core.ApplicationFilterChain.doFilter(ApplicationFilterChain.java:208)
	at org.apache.tomcat.websocket.server.WsFilter.doFilter(WsFilter.java:52)
	at org.apache.catalina.core.ApplicationFilterChain.internalDoFilter(ApplicationFilterChain.java:241)
	at org.apache.catalina.core.ApplicationFilterChain.doFilter(ApplicationFilterChain.java:208)
	at org.apache.catalina.core.StandardWrapperValve.invoke(StandardWrapperValve.java:220)
	at org.apache.catalina.core.StandardContextValve.invoke(StandardContextValve.java:122)
	at org.apache.tomee.catalina.OpenEJBValve.invoke(OpenEJBValve.java:44)
	at org.apache.catalina.authenticator.AuthenticatorBase.invoke(AuthenticatorBase.java:501)
	at org.apache.catalina.core.StandardHostValve.invoke(StandardHostValve.java:171)
	at org.apache.catalina.valves.ErrorReportValve.invoke(ErrorReportValve.java:103)
	at org.apache.catalina.valves.AccessLogValve.invoke(AccessLogValve.java:950)
	at org.apache.catalina.core.StandardEngineValve.invoke(StandardEngineValve.java:116)
	at org.apache.catalina.connector.CoyoteAdapter.service(CoyoteAdapter.java:408)
	at org.apache.coyote.http11.AbstractHttp11Processor.process(AbstractHttp11Processor.java:1070)
	at org.apache.coyote.AbstractProtocol$AbstractConnectionHandler.process(AbstractProtocol.java:611)
	at org.apache.tomcat.util.net.JIoEndpoint$SocketProcessor.run(JIoEndpoint.java:314)
	at java.util.concurrent.ThreadPoolExecutor.runWorker(ThreadPoolExecutor.java:1142)
	at java.util.concurrent.ThreadPoolExecutor$Worker.run(ThreadPoolExecutor.java:617)
	at org.apache.tomcat.util.threads.TaskThread$WrappingRunnable.run(TaskThread.java:61)
	at java.lang.Thread.run(Thread.java:744)

